Determining if the pthread_create exist failed with the following output:
Change Dir: /openvmi/build/gmock/CMakeFiles/CMakeTmp

Run Build Command:"/usr/bin/make" "cmTC_21314/fast"
make[3]: Entering directory '/openvmi/build/gmock/CMakeFiles/CMakeTmp'
/usr/bin/make -f CMakeFiles/cmTC_21314.dir/build.make CMakeFiles/cmTC_21314.dir/build
make[4]: Entering directory '/openvmi/build/gmock/CMakeFiles/CMakeTmp'
Building C object CMakeFiles/cmTC_21314.dir/CheckSymbolExists.c.o
/usr/bin/cc    -o CMakeFiles/cmTC_21314.dir/CheckSymbolExists.c.o   -c /openvmi/build/gmock/CMakeFiles/CMakeTmp/CheckSymbolExists.c
Linking C executable cmTC_21314
/usr/bin/cmake -E cmake_link_script CMakeFiles/cmTC_21314.dir/link.txt --verbose=1
/usr/bin/cc      -rdynamic CMakeFiles/cmTC_21314.dir/CheckSymbolExists.c.o  -o cmTC_21314 
CMakeFiles/cmTC_21314.dir/CheckSymbolExists.c.o: In function `main':
CheckSymbolExists.c:(.text+0x14): undefined reference to `pthread_create'
CheckSymbolExists.c:(.text+0x18): undefined reference to `pthread_create'
collect2: error: ld returned 1 exit status
CMakeFiles/cmTC_21314.dir/build.make:97: recipe for target 'cmTC_21314' failed
make[4]: *** [cmTC_21314] Error 1
make[4]: Leaving directory '/openvmi/build/gmock/CMakeFiles/CMakeTmp'
Makefile:126: recipe for target 'cmTC_21314/fast' failed
make[3]: *** [cmTC_21314/fast] Error 2
make[3]: Leaving directory '/openvmi/build/gmock/CMakeFiles/CMakeTmp'

File /openvmi/build/gmock/CMakeFiles/CMakeTmp/CheckSymbolExists.c:
/* */
#include <pthread.h>

int main(int argc, char** argv)
{
  (void)argv;
#ifndef pthread_create
  return ((int*)(&pthread_create))[argc];
#else
  (void)argc;
  return 0;
#endif
}

Determining if the function pthread_create exists in the pthreads failed with the following output:
Change Dir: /openvmi/build/gmock/CMakeFiles/CMakeTmp

Run Build Command:"/usr/bin/make" "cmTC_5068e/fast"
make[3]: Entering directory '/openvmi/build/gmock/CMakeFiles/CMakeTmp'
/usr/bin/make -f CMakeFiles/cmTC_5068e.dir/build.make CMakeFiles/cmTC_5068e.dir/build
make[4]: Entering directory '/openvmi/build/gmock/CMakeFiles/CMakeTmp'
Building C object CMakeFiles/cmTC_5068e.dir/CheckFunctionExists.c.o
/usr/bin/cc   -DCHECK_FUNCTION_EXISTS=pthread_create   -o CMakeFiles/cmTC_5068e.dir/CheckFunctionExists.c.o   -c /usr/share/cmake-3.10/Modules/CheckFunctionExists.c
Linking C executable cmTC_5068e
/usr/bin/cmake -E cmake_link_script CMakeFiles/cmTC_5068e.dir/link.txt --verbose=1
/usr/bin/cc  -DCHECK_FUNCTION_EXISTS=pthread_create    -rdynamic CMakeFiles/cmTC_5068e.dir/CheckFunctionExists.c.o  -o cmTC_5068e -lpthreads 
/usr/bin/aarch64-linux-gnu-ld: cannot find -lpthreads
collect2: error: ld returned 1 exit status
CMakeFiles/cmTC_5068e.dir/build.make:97: recipe for target 'cmTC_5068e' failed
make[4]: *** [cmTC_5068e] Error 1
make[4]: Leaving directory '/openvmi/build/gmock/CMakeFiles/CMakeTmp'
Makefile:126: recipe for target 'cmTC_5068e/fast' failed
make[3]: *** [cmTC_5068e/fast] Error 2
make[3]: Leaving directory '/openvmi/build/gmock/CMakeFiles/CMakeTmp'


